<?xml version="1.0" encoding="UTF-8"?>
<!-- Generated by org.testng.reporters.JUnitXMLReporter -->
<testsuite ignored="0" hostname="DESKTOP-5UGRQQS" failures="1" tests="5" name="passengers-count" time="14.615" errors="0" timestamp="2024-10-21T12:22:17 SAST">
  <testcase classname="com.thabangs.tests.flightreservation.FlightReservationTest" name="userRegistrationTest" time="2.269"/>
  <testcase classname="com.thabangs.tests.flightreservation.FlightReservationTest" name="registrationConfirmationPageTest" time="1.109"/>
  <testcase classname="com.thabangs.tests.flightreservation.FlightReservationTest" name="flightSearchPageTest" time="3.242"/>
  <testcase classname="com.thabangs.tests.flightreservation.FlightReservationTest" name="selectFlightPageTest" time="2.318"/>
  <testcase classname="com.thabangs.tests.flightreservation.FlightReservationTest" name="flightConfirmationPageTest" time="1.807">
    <failure type="org.openqa.selenium.ElementNotInteractableException" message="Element &amp;lt;option&amp;gt; could not be scrolled into view
Build info: version: &amp;apos;4.23.0&amp;apos;, revision: &amp;apos;4df0a231af&amp;apos;
System info: os.name: &amp;apos;Windows 11&amp;apos;, os.arch: &amp;apos;amd64&amp;apos;, os.version: &amp;apos;10.0&amp;apos;, java.version: &amp;apos;21.0.1&amp;apos;
Driver info: org.openqa.selenium.firefox.FirefoxDriver
Command: [092e30bf-b3b9-40ba-bebb-584fd0a029be, clickElement {id=1bd0bd84-f0ae-4bf3-a085-f8e8ed7a8b30}]
Capabilities {acceptInsecureCerts: true, browserName: firefox, browserVersion: 131.0.3, moz:accessibilityChecks: false, moz:buildID: 20241011205646, moz:debuggerAddress: 127.0.0.1:39851, moz:geckodriverVersion: 0.35.0, moz:headless: false, moz:platformVersion: 10.0, moz:processID: 23356, moz:profile: C:\Users\ThabangM\AppData\L..., moz:shutdownTimeout: 60000, moz:webdriverClick: true, moz:windowless: false, pageLoadStrategy: normal, platformName: windows, proxy: Proxy(), se:cdp: ws://127.0.0.1:39851/devtoo..., se:cdpVersion: 85.0, setWindowRect: true, strictFileInteractability: false, timeouts: {implicit: 0, pageLoad: 300000, script: 30000}, unhandledPromptBehavior: dismiss and notify, userAgent: Mozilla/5.0 (Windows NT 10....}
Element: [[[[FirefoxDriver: firefox on windows (092e30bf-b3b9-40ba-bebb-584fd0a029be)] -&amp;gt; id: depart-from]] -&amp;gt; tag name: option]
Session ID: 092e30bf-b3b9-40ba-bebb-584fd0a029be">
      <![CDATA[org.openqa.selenium.ElementNotInteractableException: Element <option> could not be scrolled into view
Build info: version: '4.23.0', revision: '4df0a231af'
System info: os.name: 'Windows 11', os.arch: 'amd64', os.version: '10.0', java.version: '21.0.1'
Driver info: org.openqa.selenium.firefox.FirefoxDriver
Command: [092e30bf-b3b9-40ba-bebb-584fd0a029be, clickElement {id=1bd0bd84-f0ae-4bf3-a085-f8e8ed7a8b30}]
Capabilities {acceptInsecureCerts: true, browserName: firefox, browserVersion: 131.0.3, moz:accessibilityChecks: false, moz:buildID: 20241011205646, moz:debuggerAddress: 127.0.0.1:39851, moz:geckodriverVersion: 0.35.0, moz:headless: false, moz:platformVersion: 10.0, moz:processID: 23356, moz:profile: C:\Users\ThabangM\AppData\L..., moz:shutdownTimeout: 60000, moz:webdriverClick: true, moz:windowless: false, pageLoadStrategy: normal, platformName: windows, proxy: Proxy(), se:cdp: ws://127.0.0.1:39851/devtoo..., se:cdpVersion: 85.0, setWindowRect: true, strictFileInteractability: false, timeouts: {implicit: 0, pageLoad: 300000, script: 30000}, unhandledPromptBehavior: dismiss and notify, userAgent: Mozilla/5.0 (Windows NT 10....}
Element: [[[[FirefoxDriver: firefox on windows (092e30bf-b3b9-40ba-bebb-584fd0a029be)] -> id: depart-from]] -> tag name: option]
Session ID: 092e30bf-b3b9-40ba-bebb-584fd0a029be
at org.openqa.selenium.remote.ErrorCodec.decode(ErrorCodec.java:167)
at org.openqa.selenium.remote.codec.w3c.W3CHttpResponseCodec.decode(W3CHttpResponseCodec.java:138)
at org.openqa.selenium.remote.codec.w3c.W3CHttpResponseCodec.decode(W3CHttpResponseCodec.java:50)
at org.openqa.selenium.remote.HttpCommandExecutor.execute(HttpCommandExecutor.java:190)
at org.openqa.selenium.remote.service.DriverCommandExecutor.invokeExecute(DriverCommandExecutor.java:216)
at org.openqa.selenium.remote.service.DriverCommandExecutor.execute(DriverCommandExecutor.java:174)
at org.openqa.selenium.remote.RemoteWebDriver.execute(RemoteWebDriver.java:527)
at org.openqa.selenium.remote.RemoteWebElement.execute(RemoteWebElement.java:223)
at org.openqa.selenium.remote.RemoteWebElement.click(RemoteWebElement.java:76)
at org.openqa.selenium.support.ui.Select.setSelected(Select.java:315)
at org.openqa.selenium.support.ui.Select.setSelectedByIndex(Select.java:299)
at org.openqa.selenium.support.ui.Select.selectByIndex(Select.java:179)
at com.thabangs.pages.flightreservation.FlightSearchPage.selectRandomOption(FlightSearchPage.java:152)
at com.thabangs.pages.flightreservation.FlightSearchPage.enterRandomFlightDetails(FlightSearchPage.java:137)
at com.thabangs.tests.flightreservation.FlightReservationTest.flightConfirmationPageTest(FlightReservationTest.java:102)
at java.base/java.util.ArrayList.forEach(ArrayList.java:1596)
... Removed 32 stack frames]]>
    </failure>
  </testcase> <!-- flightConfirmationPageTest -->
</testsuite> <!-- passengers-count -->
